INFO:     Started server process [14415]
INFO:     Waiting for application startup.
WARNING:absl:Compiled the loaded model, but the compiled metrics have yet to be built. `model.compile_metrics` will be empty until you train or evaluate the model.
WARNING:absl:Compiled the loaded model, but the compiled metrics have yet to be built. `model.compile_metrics` will be empty until you train or evaluate the model.
INFO:     Application startup complete.
INFO:     Uvicorn running on http://0.0.0.0:8000 (Press CTRL+C to quit)
🚀 Starting Multi-Agent Anomaly Detection API...
🚀 Initializing Multi-Agent System...
================================================================================
INTERPRETER AGENT - INITIALIZING ENSEMBLE SYSTEM
================================================================================

🤖 AGENT 1: XGBoost + SHAP
--------------------------------------------------------------------------------
================================================================================
SHAP EXPLAINABILITY SYSTEM - LOADING MODELS
================================================================================
✅ Stage 1 model loaded (4-class classification)
✅ Stage 2 model loaded (DDoS vs DoS binary)
✅ Scalers and encoders loaded
✅ Feature names loaded: 23 features

📊 Classes:
  Stage 1: ['Benign', 'DOS', 'Reconnaissance', 'Theft']
  Stage 2: ['DDoS', 'DoS']

================================================================================
CREATING SHAP EXPLAINERS
================================================================================

🔧 Creating Stage 1 SHAP explainer...
⚠️  Using alternative explainer method for Stage 1: could not convert string to float: '[2.5E-1,2.5E-1...

🔧 Creating Stage 2 SHAP explainer...
⚠️  Using alternative explainer method for Stage 2: could not convert string to float: '[5E-1]'...
✅ XGBoost Agent ready

🤖 AGENT 2: LSTM + SHAP
--------------------------------------------------------------------------------
================================================================================
LSTM SHAP EXPLAINABILITY SYSTEM - LOADING MODELS
================================================================================
✅ Stage 1 LSTM model loaded
✅ Stage 2 LSTM model loaded
✅ Scalers and encoders loaded
✅ Feature names loaded: 23 features

📊 Classes:
  Stage 1: ['Benign', 'DOS', 'Reconnaissance', 'Theft']
  Stage 2: ['DDoS', 'DoS']

================================================================================
CREATING LSTM SHAP DEEP EXPLAINERS
================================================================================

🔧 Creating Stage 1 GradientExplainer...
✅ Stage 1 GradientExplainer ready

🔧 Creating Stage 2 GradientExplainer...
✅ Stage 2 GradientExplainer ready
✅ LSTM Agent ready

================================================================================
✅ ENSEMBLE SYSTEM INITIALIZED
================================================================================
✅ Multi-Agent System ready!
INFO:     127.0.0.1:54715 - "GET / HTTP/1.1" 200 OK
INFO:     127.0.0.1:54718 - "GET / HTTP/1.1" 200 OK

================================================================================
ENSEMBLE PREDICTION & INTERPRETATION
================================================================================

🤖 Agent 1 (XGBoost) analyzing...
   XGBoost: Theft (99.8%)

🤖 Agent 2 (LSTM) analyzing...
🔍 Computing Stage 1 SHAP values...
   LSTM: Theft (100.0%)

🔮 ENSEMBLE VOTING:
--------------------------------------------------------------------------------
✅ FULL AGREEMENT: Theft
   Combined Confidence: 99.9%
INFO:     127.0.0.1:54720 - "POST /predict HTTP/1.1" 200 OK
INFO:     127.0.0.1:57585 - "GET / HTTP/1.1" 200 OK

================================================================================
ENSEMBLE PREDICTION & INTERPRETATION
================================================================================

🤖 Agent 1 (XGBoost) analyzing...
   XGBoost: DoS (50.8%)

🤖 Agent 2 (LSTM) analyzing...
🔍 Computing Stage 1 SHAP values...
🔍 Computing Stage 2 SHAP values...
   LSTM: DoS (52.5%)

🔮 ENSEMBLE VOTING:
--------------------------------------------------------------------------------
✅ FULL AGREEMENT: DoS
   Combined Confidence: 51.7%
INFO:     127.0.0.1:57600 - "POST /predict HTTP/1.1" 200 OK
